<?xml version="1.0" encoding="UTF-8"?>
<testng-results ignored="0" total="1" passed="1" failed="0" skipped="0">
  <reporter-output>
  </reporter-output>
  <suite started-at="2025-08-06T13:07:50 EEST" name="Default suite" finished-at="2025-08-06T13:08:25 EEST" duration-ms="35253">
    <groups>
    </groups>
    <test started-at="2025-08-06T13:07:50 EEST" name="Default test" finished-at="2025-08-06T13:08:25 EEST" duration-ms="35253">
      <class name="gr.geekit.AppiumTest.BrowserTest2">
        <test-method is-config="true" signature="ConfigureAppium()[pri:0, instance:gr.geekit.AppiumTest.BrowserTest2@3b69e7d1]" started-at="2025-08-06T13:07:50 EEST" name="ConfigureAppium" finished-at="2025-08-06T13:08:15 EEST" duration-ms="25545" status="PASS">
          <reporter-output>
          </reporter-output>
        </test-method> <!-- ConfigureAppium -->
        <test-method signature="browserTest()[pri:0, instance:gr.geekit.AppiumTest.BrowserTest2@3b69e7d1]" started-at="2025-08-06T13:08:15 EEST" name="browserTest" finished-at="2025-08-06T13:08:22 EEST" duration-ms="7260" status="PASS">
          <reporter-output>
          </reporter-output>
        </test-method> <!-- browserTest -->
        <test-method is-config="true" signature="tearDown()[pri:0, instance:gr.geekit.AppiumTest.BrowserTest2@3b69e7d1]" started-at="2025-08-06T13:08:22 EEST" name="tearDown" finished-at="2025-08-06T13:08:25 EEST" duration-ms="2383" status="PASS">
          <reporter-output>
          </reporter-output>
        </test-method> <!-- tearDown -->
      </class> <!-- gr.geekit.AppiumTest.BrowserTest2 -->
    </test> <!-- Default test -->
  </suite> <!-- Default suite -->
</testng-results>
